/global/common/software/nersc9/pytorch/2.0.1/lib/python3.9/site-packages/torch/utils/data/dataloader.py:560: UserWarning: This DataLoader will create 4 worker processes in total. Our suggested max number of worker in current system is 1, which is smaller than what this DataLoader is going to create. Please be aware that excessive worker creation might get DataLoader running slow or even freeze, lower the worker number to avoid potential slowness/freeze if necessary.
  warnings.warn(_create_warning_msg(
/global/common/software/nersc9/pytorch/2.0.1/lib/python3.9/site-packages/torch/utils/data/dataloader.py:560: UserWarning: This DataLoader will create 4 worker processes in total. Our suggested max number of worker in current system is 1, which is smaller than what this DataLoader is going to create. Please be aware that excessive worker creation might get DataLoader running slow or even freeze, lower the worker number to avoid potential slowness/freeze if necessary.
  warnings.warn(_create_warning_msg(
/global/common/software/nersc9/pytorch/2.0.1/lib/python3.9/site-packages/torch/utils/data/dataloader.py:560: UserWarning: This DataLoader will create 4 worker processes in total. Our suggested max number of worker in current system is 1, which is smaller than what this DataLoader is going to create. Please be aware that excessive worker creation might get DataLoader running slow or even freeze, lower the worker number to avoid potential slowness/freeze if necessary.
  warnings.warn(_create_warning_msg(
/global/common/software/nersc9/pytorch/2.0.1/lib/python3.9/site-packages/torch/utils/data/dataloader.py:560: UserWarning: This DataLoader will create 4 worker processes in total. Our suggested max number of worker in current system is 1, which is smaller than what this DataLoader is going to create. Please be aware that excessive worker creation might get DataLoader running slow or even freeze, lower the worker number to avoid potential slowness/freeze if necessary.
  warnings.warn(_create_warning_msg(
wandb: Currently logged in as: katiekeegan (katiekeegan-home). Use `wandb login --relogin` to force relogin
wandb: wandb version 0.19.11 is available!  To upgrade, please run:
wandb:  $ pip install wandb --upgrade
wandb: Tracking run with wandb version 0.15.2
wandb: Run data is saved locally in /pscratch/sd/k/katiekee/PDFParameterInference/wandb/run-20250519_033430-jlbg1nf2
wandb: Run `wandb offline` to turn off syncing.
wandb: Syncing run warm-wood-38
wandb: ⭐️ View project at https://wandb.ai/katiekeegan-home/quantom_cl
wandb: 🚀 View run at https://wandb.ai/katiekeegan-home/quantom_cl/runs/jlbg1nf2
/global/common/software/nersc9/pytorch/2.0.1/lib/python3.9/site-packages/torch/utils/data/dataloader.py:560: UserWarning: This DataLoader will create 4 worker processes in total. Our suggested max number of worker in current system is 1, which is smaller than what this DataLoader is going to create. Please be aware that excessive worker creation might get DataLoader running slow or even freeze, lower the worker number to avoid potential slowness/freeze if necessary.
  warnings.warn(_create_warning_msg(
Epoch 1/200, Loss: 41.8886
slurmstepd: error: *** JOB 38795528 ON nid008696 CANCELLED AT 2025-05-19T10:59:00 ***
