/pscratch/sd/k/katiekee/PDFParameterInference/cl.py:133: FutureWarning: `torch.cuda.amp.GradScaler(args...)` is deprecated. Please use `torch.amp.GradScaler('cuda', args...)` instead.
  scaler = torch.cuda.amp.GradScaler()
/pscratch/sd/k/katiekee/PDFParameterInference/cl.py:133: FutureWarning: `torch.cuda.amp.GradScaler(args...)` is deprecated. Please use `torch.amp.GradScaler('cuda', args...)` instead.
  scaler = torch.cuda.amp.GradScaler()
/pscratch/sd/k/katiekee/PDFParameterInference/cl.py:133: FutureWarning: `torch.cuda.amp.GradScaler(args...)` is deprecated. Please use `torch.amp.GradScaler('cuda', args...)` instead.
  scaler = torch.cuda.amp.GradScaler()
/pscratch/sd/k/katiekee/PDFParameterInference/cl.py:133: FutureWarning: `torch.cuda.amp.GradScaler(args...)` is deprecated. Please use `torch.amp.GradScaler('cuda', args...)` instead.
  scaler = torch.cuda.amp.GradScaler()
/pscratch/sd/k/katiekee/PDFParameterInference/cl.py:146: FutureWarning: `torch.cuda.amp.autocast(args...)` is deprecated. Please use `torch.amp.autocast('cuda', args...)` instead.
  with torch.cuda.amp.autocast():
/pscratch/sd/k/katiekee/PDFParameterInference/cl.py:146: FutureWarning: `torch.cuda.amp.autocast(args...)` is deprecated. Please use `torch.amp.autocast('cuda', args...)` instead.
  with torch.cuda.amp.autocast():
/pscratch/sd/k/katiekee/PDFParameterInference/cl.py:146: FutureWarning: `torch.cuda.amp.autocast(args...)` is deprecated. Please use `torch.amp.autocast('cuda', args...)` instead.
  with torch.cuda.amp.autocast():
/pscratch/sd/k/katiekee/PDFParameterInference/cl.py:146: FutureWarning: `torch.cuda.amp.autocast(args...)` is deprecated. Please use `torch.amp.autocast('cuda', args...)` instead.
  with torch.cuda.amp.autocast():
Epoch 1, Loss: 52.8208
Epoch 2, Loss: 26.9367
Epoch 3, Loss: 20.1585
Epoch 4, Loss: 16.1758
Epoch 5, Loss: 13.0249
Epoch 6, Loss: 12.1631
Epoch 7, Loss: 10.9824
Epoch 8, Loss: 10.3812
Epoch 9, Loss: 9.3620
Epoch 10, Loss: 8.6645
Epoch 11, Loss: 8.1989
Epoch 12, Loss: 8.1298
Epoch 13, Loss: 7.6698
Epoch 14, Loss: 7.8273
Epoch 15, Loss: 7.4349
Epoch 16, Loss: 6.9540
Epoch 17, Loss: 6.9219
Epoch 18, Loss: 6.5795
Epoch 19, Loss: 6.2550
Epoch 20, Loss: 6.5469
Epoch 21, Loss: 6.3842
Epoch 22, Loss: 6.0874
Epoch 23, Loss: 6.2904
Epoch 24, Loss: 6.0417
Epoch 25, Loss: 6.0544
Epoch 26, Loss: 5.7360
Epoch 27, Loss: 5.1739
Epoch 28, Loss: 5.5264
Epoch 29, Loss: 5.0195
Epoch 30, Loss: 5.2237
Epoch 31, Loss: 4.8825
Epoch 32, Loss: 5.6743
Epoch 33, Loss: 5.1118
Epoch 34, Loss: 5.0593
Epoch 35, Loss: 4.6794
Epoch 36, Loss: 4.6652
Epoch 37, Loss: 4.6557
Epoch 38, Loss: 4.9195
Epoch 39, Loss: 4.3870
Epoch 40, Loss: 4.4081
Epoch 41, Loss: 5.1669
Epoch 42, Loss: 4.3184
Epoch 43, Loss: 4.1336
Epoch 44, Loss: 4.4001
Epoch 45, Loss: 4.5323
Epoch 46, Loss: 4.3349
Epoch 47, Loss: 4.0076
Epoch 48, Loss: 4.4049
Epoch 49, Loss: 4.3507
Epoch 50, Loss: 3.7540
Epoch 51, Loss: 3.5292
Epoch 52, Loss: 3.9128
Epoch 53, Loss: 3.7606
Epoch 54, Loss: 3.6218
Epoch 55, Loss: 3.6112
Epoch 56, Loss: 3.9420
Epoch 57, Loss: 3.3446
Epoch 58, Loss: 3.7316
Epoch 59, Loss: 3.5053
Epoch 60, Loss: 3.7934
Epoch 61, Loss: 3.4216
Epoch 62, Loss: 3.3537
Epoch 63, Loss: 3.5096
Epoch 64, Loss: 3.4980
Epoch 65, Loss: 3.4547
Epoch 66, Loss: 3.2892
Epoch 67, Loss: 3.7141
Epoch 68, Loss: 3.4566
Epoch 69, Loss: 3.9378
Epoch 70, Loss: 3.5819
Epoch 71, Loss: 3.6522
Epoch 72, Loss: 3.2588
Epoch 73, Loss: 3.3417
Epoch 74, Loss: 3.4012
Epoch 75, Loss: 3.1716
Epoch 76, Loss: 2.9881
Epoch 77, Loss: 2.9207
Epoch 78, Loss: 3.4418
Epoch 79, Loss: 3.0774
Epoch 80, Loss: 3.2630
Epoch 81, Loss: 3.1149
Epoch 82, Loss: 3.1508
Epoch 83, Loss: 3.2741
Epoch 84, Loss: 2.7406
Epoch 85, Loss: 2.7861
Epoch 86, Loss: 3.1986
Epoch 87, Loss: 3.0820
Epoch 88, Loss: 2.9837
Epoch 89, Loss: 2.5912
Epoch 90, Loss: 2.9024
Epoch 91, Loss: 3.0225
Epoch 92, Loss: 2.6767
Epoch 93, Loss: 2.9869
Epoch 94, Loss: 2.8183
Epoch 95, Loss: 2.8328
Epoch 96, Loss: 2.9387
Epoch 97, Loss: 2.6502
Epoch 98, Loss: 2.6041
Epoch 99, Loss: 2.7769
Epoch 100, Loss: 2.4271
Epoch 101, Loss: 2.5933
Epoch 102, Loss: 2.4547
Epoch 103, Loss: 2.3189
Epoch 104, Loss: 2.7477
Epoch 105, Loss: 1.9385
Epoch 106, Loss: 2.6569
Epoch 107, Loss: 2.4356
Epoch 108, Loss: 2.7179
Epoch 109, Loss: 2.7843
Epoch 110, Loss: 2.4562
Epoch 111, Loss: 2.3220
Epoch 112, Loss: 2.5532
Epoch 113, Loss: 2.2240
Epoch 114, Loss: 2.3372
Epoch 115, Loss: 2.3817
Epoch 116, Loss: 2.2720
Epoch 117, Loss: 2.2504
Epoch 118, Loss: 2.2363
Epoch 119, Loss: 2.6037
Epoch 120, Loss: 2.2989
Epoch 121, Loss: 2.5461
Epoch 122, Loss: 2.4425
Epoch 123, Loss: 2.4428
Epoch 124, Loss: 2.1596
Epoch 125, Loss: 2.2515
Epoch 126, Loss: 2.1389
Epoch 127, Loss: 2.0663
Epoch 128, Loss: 2.0130
Epoch 129, Loss: 2.1105
Epoch 130, Loss: 2.2690
Epoch 131, Loss: 2.2514
Epoch 132, Loss: 2.4406
Epoch 133, Loss: 2.1632
Epoch 134, Loss: 2.1975
Epoch 135, Loss: 2.2998
Epoch 136, Loss: 2.3088
Epoch 137, Loss: 2.5377
Epoch 138, Loss: 2.1052
Epoch 139, Loss: 2.3604
Epoch 140, Loss: 2.1337
Epoch 141, Loss: 2.2529
Epoch 142, Loss: 2.2311
Epoch 143, Loss: 2.5122
Epoch 144, Loss: 1.6958
Epoch 145, Loss: 2.3505
Epoch 146, Loss: 2.3192
Epoch 147, Loss: 2.1496
Epoch 148, Loss: 2.2384
Epoch 149, Loss: 2.0417
Epoch 150, Loss: 2.1639
Epoch 151, Loss: 2.3389
Epoch 152, Loss: 2.1693
Epoch 153, Loss: 2.1050
Epoch 154, Loss: 2.1894
Epoch 155, Loss: 2.1001
Epoch 156, Loss: 1.9898
Epoch 157, Loss: 1.9803
Epoch 158, Loss: 2.0370
Epoch 159, Loss: 2.2813
Epoch 160, Loss: 2.2036
Epoch 161, Loss: 2.0225
Epoch 162, Loss: 2.1612
Epoch 163, Loss: 2.1259
Epoch 164, Loss: 1.9756
Epoch 165, Loss: 2.0659
Epoch 166, Loss: 2.0178
Epoch 167, Loss: 1.9143
Epoch 168, Loss: 2.0040
Epoch 169, Loss: 2.0511
Epoch 170, Loss: 1.7935
Epoch 171, Loss: 1.9339
Epoch 172, Loss: 2.1705
Epoch 173, Loss: 2.0153
Epoch 174, Loss: 2.0482
Epoch 175, Loss: 2.2873
Epoch 176, Loss: 2.0706
Epoch 177, Loss: 1.7043
Epoch 178, Loss: 1.9539
Epoch 179, Loss: 1.8647
Epoch 180, Loss: 1.7753
Epoch 181, Loss: 1.6543
Epoch 182, Loss: 1.7559
Epoch 183, Loss: 1.9892
Epoch 184, Loss: 1.8899
Epoch 185, Loss: 2.1630
Epoch 186, Loss: 1.9129
Epoch 187, Loss: 1.8971
Epoch 188, Loss: 1.6845
Epoch 189, Loss: 1.9623
Epoch 190, Loss: 1.8573
Epoch 191, Loss: 1.7009
Epoch 192, Loss: 1.8126
Epoch 193, Loss: 1.8713
Epoch 194, Loss: 2.2215
Epoch 195, Loss: 2.0472
Epoch 196, Loss: 1.7785
Epoch 197, Loss: 1.8050
Epoch 198, Loss: 1.8042
Epoch 199, Loss: 1.9517
Epoch 200, Loss: 1.9841
Epoch 201, Loss: 1.8140
Epoch 202, Loss: 1.9060
Epoch 203, Loss: 1.8423
Epoch 204, Loss: 1.7220
Epoch 205, Loss: 1.6827
Epoch 206, Loss: 1.7977
Epoch 207, Loss: 1.8585
Epoch 208, Loss: 1.6670
Epoch 209, Loss: 1.7361
Epoch 210, Loss: 2.0159
Epoch 211, Loss: 1.6506
Epoch 212, Loss: 2.0255
Epoch 213, Loss: 1.8161
Epoch 214, Loss: 1.8939
Epoch 215, Loss: 1.8539
Epoch 216, Loss: 1.5285
Epoch 217, Loss: 1.8021
Epoch 218, Loss: 1.5105
Epoch 219, Loss: 1.8700
Epoch 220, Loss: 1.5974
Epoch 221, Loss: 1.8602
Epoch 222, Loss: 1.6541
Epoch 223, Loss: 1.5894
Epoch 224, Loss: 1.7547
Epoch 225, Loss: 1.8598
Epoch 226, Loss: 1.7076
Epoch 227, Loss: 1.6505
Epoch 228, Loss: 1.7873
Epoch 229, Loss: 1.8698
Epoch 230, Loss: 1.7652
Epoch 231, Loss: 1.7545
Epoch 232, Loss: 1.8637
Epoch 233, Loss: 1.8064
Epoch 234, Loss: 1.8833
Epoch 235, Loss: 1.6876
Epoch 236, Loss: 1.4005
Epoch 237, Loss: 1.3696
Epoch 238, Loss: 1.6023
Epoch 239, Loss: 1.6368
Epoch 240, Loss: 1.4980
Epoch 241, Loss: 1.5351
Epoch 242, Loss: 1.7313
Epoch 243, Loss: 1.6763
Epoch 244, Loss: 1.2898
Epoch 245, Loss: 1.7506
Epoch 246, Loss: 1.2774
Epoch 247, Loss: 1.7533
Epoch 248, Loss: 1.8070
Epoch 249, Loss: 1.6848
Epoch 250, Loss: 1.5757
Epoch 251, Loss: 1.6055
Epoch 252, Loss: 1.4279
Epoch 253, Loss: 1.5545
Epoch 254, Loss: 1.7366
Epoch 255, Loss: 1.6396
Epoch 256, Loss: 1.6764
Epoch 257, Loss: 1.6809
Epoch 258, Loss: 1.4372
Epoch 259, Loss: 1.5904
Epoch 260, Loss: 1.5555
Epoch 261, Loss: 2.0733
Epoch 262, Loss: 1.8412
Epoch 263, Loss: 1.3409
Epoch 264, Loss: 1.6972
Epoch 265, Loss: 1.4172
Epoch 266, Loss: 1.7500
Epoch 267, Loss: 1.4857
Epoch 268, Loss: 1.4266
Epoch 269, Loss: 1.5208
Epoch 270, Loss: 1.5784
Epoch 271, Loss: 1.6799
Epoch 272, Loss: 1.3785
Epoch 273, Loss: 1.3211
Epoch 274, Loss: 1.4976
Epoch 275, Loss: 1.4466
Epoch 276, Loss: 1.4303
Epoch 277, Loss: 1.7336
Epoch 278, Loss: 1.6665
Epoch 279, Loss: 1.5524
Epoch 280, Loss: 1.5728
Epoch 281, Loss: 1.6000
Epoch 282, Loss: 1.4446
Epoch 283, Loss: 1.3317
Epoch 284, Loss: 1.5564
Epoch 285, Loss: 1.4048
Epoch 286, Loss: 1.7199
Epoch 287, Loss: 1.4955
Epoch 288, Loss: 1.5794
Epoch 289, Loss: 1.5318
Epoch 290, Loss: 1.5591
Epoch 291, Loss: 1.4861
Epoch 292, Loss: 1.2595
Epoch 293, Loss: 1.5738
Epoch 294, Loss: 1.5556
Epoch 295, Loss: 1.5188
Epoch 296, Loss: 1.2854
Epoch 297, Loss: 1.5486
Epoch 298, Loss: 1.3864
Epoch 299, Loss: 1.5602
Epoch 300, Loss: 1.4776
Epoch 301, Loss: 1.6669
Epoch 302, Loss: 1.6033
Epoch 303, Loss: 1.5704
Epoch 304, Loss: 1.5802
Epoch 305, Loss: 1.3941
Epoch 306, Loss: 1.6254
Epoch 307, Loss: 1.3879
Epoch 308, Loss: 1.4628
Epoch 309, Loss: 1.4539
Epoch 310, Loss: 1.6160
Epoch 311, Loss: 1.3625
Epoch 312, Loss: 1.4964
Epoch 313, Loss: 1.5956
Epoch 314, Loss: 1.2960
Epoch 315, Loss: 1.6502
Epoch 316, Loss: 1.5512
Epoch 317, Loss: 1.4256
Epoch 318, Loss: 1.3441
Epoch 319, Loss: 1.4629
Epoch 320, Loss: 1.1939
Epoch 321, Loss: 1.3987
Epoch 322, Loss: 1.3937
Epoch 323, Loss: 1.2845
Epoch 324, Loss: 1.3731
Epoch 325, Loss: 1.1728
Epoch 326, Loss: 1.1730
Epoch 327, Loss: 1.4436
Epoch 328, Loss: 1.3289
Epoch 329, Loss: 1.3888
Epoch 330, Loss: 1.2980
Epoch 331, Loss: 1.3678
Epoch 332, Loss: 1.4013
Epoch 333, Loss: 1.5638
Epoch 334, Loss: 1.2803
Epoch 335, Loss: 1.3225
Epoch 336, Loss: 1.4736
Epoch 337, Loss: 1.2099
Epoch 338, Loss: 1.1504
Epoch 339, Loss: 1.5041
Epoch 340, Loss: 1.3750
Epoch 341, Loss: 1.3029
Epoch 342, Loss: 1.1388
Epoch 343, Loss: 1.2745
Epoch 344, Loss: 1.4232
Epoch 345, Loss: 1.3036
Epoch 346, Loss: 1.1049
Epoch 347, Loss: 1.3125
Epoch 348, Loss: 1.3817
Epoch 349, Loss: 1.1858
Epoch 350, Loss: 1.2648
Epoch 351, Loss: 1.4257
Epoch 352, Loss: 1.2927
Epoch 353, Loss: 1.4477
Epoch 354, Loss: 1.3319
Epoch 355, Loss: 1.1353
Epoch 356, Loss: 1.0977
Epoch 357, Loss: 1.3637
Epoch 358, Loss: 1.4508
Epoch 359, Loss: 1.1472
Epoch 360, Loss: 1.2508
Epoch 361, Loss: 1.2566
Epoch 362, Loss: 1.2012
Epoch 363, Loss: 1.2630
Epoch 364, Loss: 1.0304
Epoch 365, Loss: 1.2500
Epoch 366, Loss: 1.6157
Epoch 367, Loss: 1.3103
Epoch 368, Loss: 1.4357
Epoch 369, Loss: 1.3388
Epoch 370, Loss: 1.2429
Epoch 371, Loss: 1.2721
Epoch 372, Loss: 1.2988
Epoch 373, Loss: 1.3763
Epoch 374, Loss: 1.3138
Epoch 375, Loss: 1.2091
Epoch 376, Loss: 1.2536
Epoch 377, Loss: 1.3182
Epoch 378, Loss: 1.2569
Epoch 379, Loss: 1.4503
Epoch 380, Loss: 1.5100
Epoch 381, Loss: 1.3692
Epoch 382, Loss: 1.0731
Epoch 383, Loss: 1.1119
Epoch 384, Loss: 1.3702
Epoch 385, Loss: 1.1835
Epoch 386, Loss: 1.1754
Epoch 387, Loss: 1.2413
Epoch 388, Loss: 1.3837
Epoch 389, Loss: 1.3927
Epoch 390, Loss: 1.1327
Epoch 391, Loss: 1.2406
Epoch 392, Loss: 1.5292
Epoch 393, Loss: 1.2336
Epoch 394, Loss: 1.1583
Epoch 395, Loss: 1.2102
Epoch 396, Loss: 1.3850
Epoch 397, Loss: 1.1263
Epoch 398, Loss: 1.3891
Epoch 399, Loss: 1.2171
Epoch 400, Loss: 1.4926
Epoch 401, Loss: 1.3942
Epoch 402, Loss: 1.1849
Epoch 403, Loss: 1.1440
Epoch 404, Loss: 1.3366
Epoch 405, Loss: 1.1319
Epoch 406, Loss: 1.2313
Epoch 407, Loss: 1.2083
Epoch 408, Loss: 1.1587
Epoch 409, Loss: 1.1291
Epoch 410, Loss: 1.1534
Epoch 411, Loss: 1.3045
Epoch 412, Loss: 1.3662
Epoch 413, Loss: 0.9369
Epoch 414, Loss: 1.3776
Epoch 415, Loss: 1.3566
Epoch 416, Loss: 1.3167
Epoch 417, Loss: 1.2373
Epoch 418, Loss: 1.3037
Epoch 419, Loss: 1.2276
Epoch 420, Loss: 1.2356
Epoch 421, Loss: 1.1569
Epoch 422, Loss: 1.1335
Epoch 423, Loss: 1.2256
Epoch 424, Loss: 1.2914
Epoch 425, Loss: 1.2677
Epoch 426, Loss: 1.3152
Epoch 427, Loss: 1.1113
Epoch 428, Loss: 1.2973
Epoch 429, Loss: 1.2402
Epoch 430, Loss: 1.2300
Epoch 431, Loss: 1.3882
Epoch 432, Loss: 1.0829
Epoch 433, Loss: 1.2534
Epoch 434, Loss: 1.0770
Epoch 435, Loss: 1.1966
Epoch 436, Loss: 1.3025
Epoch 437, Loss: 1.2965
Epoch 438, Loss: 0.9463
Epoch 439, Loss: 1.2572
Epoch 440, Loss: 1.2254
Epoch 441, Loss: 1.0752
Epoch 442, Loss: 1.2101
Epoch 443, Loss: 1.1977
Epoch 444, Loss: 0.9824
Epoch 445, Loss: 1.1926
Epoch 446, Loss: 1.2732
Epoch 447, Loss: 1.1258
Epoch 448, Loss: 1.1739
Epoch 449, Loss: 1.1239
Epoch 450, Loss: 1.2384
Epoch 451, Loss: 1.0633
Epoch 452, Loss: 1.0104
Epoch 453, Loss: 1.0729
Epoch 454, Loss: 1.0034
Epoch 455, Loss: 1.1432
Epoch 456, Loss: 0.9496
Epoch 457, Loss: 1.2515
Epoch 458, Loss: 1.0634
Epoch 459, Loss: 1.1313
Epoch 460, Loss: 1.4653
Epoch 461, Loss: 1.0812
Epoch 462, Loss: 1.0925
Epoch 463, Loss: 0.9540
Epoch 464, Loss: 1.1625
Epoch 465, Loss: 0.9212
Epoch 466, Loss: 1.1389
Epoch 467, Loss: 1.0142
Epoch 468, Loss: 1.2017
Epoch 469, Loss: 1.1374
Epoch 470, Loss: 1.0937
Epoch 471, Loss: 1.2234
Epoch 472, Loss: 1.0494
Epoch 473, Loss: 1.0238
Epoch 474, Loss: 1.0864
Epoch 475, Loss: 0.8903
Epoch 476, Loss: 1.0394
Epoch 477, Loss: 1.0813
Epoch 478, Loss: 0.9558
Epoch 479, Loss: 1.2204
Epoch 480, Loss: 1.1431
Epoch 481, Loss: 1.2591
Epoch 482, Loss: 0.9601
Epoch 483, Loss: 1.1284
Epoch 484, Loss: 1.2439
Epoch 485, Loss: 1.1679
Epoch 486, Loss: 0.9954
Epoch 487, Loss: 1.0601
Epoch 488, Loss: 1.2739
Epoch 489, Loss: 1.3417
Epoch 490, Loss: 1.0988
Epoch 491, Loss: 1.0168
Epoch 492, Loss: 1.0702
Epoch 493, Loss: 1.2231
Epoch 494, Loss: 0.9412
Epoch 495, Loss: 1.1548
Epoch 496, Loss: 1.0695
Epoch 497, Loss: 0.9324
Epoch 498, Loss: 1.0925
Epoch 499, Loss: 1.0474
Epoch 500, Loss: 0.8993
Epoch 501, Loss: 1.4411
Epoch 502, Loss: 0.9092
Epoch 503, Loss: 1.1480
Epoch 504, Loss: 1.0427
Epoch 505, Loss: 1.1941
Epoch 506, Loss: 1.1841
Epoch 507, Loss: 1.0097
Epoch 508, Loss: 1.0945
Epoch 509, Loss: 1.0553
Epoch 510, Loss: 0.9541
Epoch 511, Loss: 1.0584
Epoch 512, Loss: 1.0109
Epoch 513, Loss: 1.0180
Epoch 514, Loss: 1.0144
Epoch 515, Loss: 1.0887
Epoch 516, Loss: 0.9411
Epoch 517, Loss: 1.0205
Epoch 518, Loss: 0.8125
Epoch 519, Loss: 1.3519
Epoch 520, Loss: 1.0031
Epoch 521, Loss: 1.3238
Epoch 522, Loss: 1.0841
Epoch 523, Loss: 1.0829
Epoch 524, Loss: 1.0293
Epoch 525, Loss: 1.0020
Epoch 526, Loss: 1.1116
Epoch 527, Loss: 0.9815
Epoch 528, Loss: 1.0946
Epoch 529, Loss: 0.9558
Epoch 530, Loss: 0.9815
Epoch 531, Loss: 0.9651
Epoch 532, Loss: 0.9569
Epoch 533, Loss: 1.1974
Epoch 534, Loss: 1.0569
Epoch 535, Loss: 0.9566
Epoch 536, Loss: 1.0774
Epoch 537, Loss: 1.0128
Epoch 538, Loss: 0.9318
Epoch 539, Loss: 1.1045
Epoch 540, Loss: 1.1827
Epoch 541, Loss: 1.0675
Epoch 542, Loss: 0.9644
Epoch 543, Loss: 1.0348
Epoch 544, Loss: 1.0137
Epoch 545, Loss: 0.9821
Epoch 546, Loss: 1.3371
Epoch 547, Loss: 0.9456
Epoch 548, Loss: 1.0513
Epoch 549, Loss: 1.1744
Epoch 550, Loss: 1.2525
Epoch 551, Loss: 1.0615
Epoch 552, Loss: 1.0849
Epoch 553, Loss: 1.1679
Epoch 554, Loss: 0.8403
Epoch 555, Loss: 0.9781
Epoch 556, Loss: 1.2014
Epoch 557, Loss: 0.9843
Epoch 558, Loss: 0.8860
Epoch 559, Loss: 0.9132
Epoch 560, Loss: 0.9059
Epoch 561, Loss: 1.0447
Epoch 562, Loss: 0.8772
Epoch 563, Loss: 1.1862
Epoch 564, Loss: 1.2233
Epoch 565, Loss: 1.0093
Epoch 566, Loss: 1.0835
Epoch 567, Loss: 1.0791
Epoch 568, Loss: 0.8454
Epoch 569, Loss: 1.0773
Epoch 570, Loss: 0.9028
Epoch 571, Loss: 0.9803
Epoch 572, Loss: 1.0777
Epoch 573, Loss: 1.1019
Epoch 574, Loss: 1.0670
Epoch 575, Loss: 0.9487
Epoch 576, Loss: 0.9802
Epoch 577, Loss: 0.7875
Epoch 578, Loss: 1.0175
Epoch 579, Loss: 0.9435
Epoch 580, Loss: 0.9977
Epoch 581, Loss: 1.0091
Epoch 582, Loss: 1.1182
Epoch 583, Loss: 1.0873
Epoch 584, Loss: 0.9348
Epoch 585, Loss: 1.0294
Epoch 586, Loss: 1.0371
Epoch 587, Loss: 0.9970
Epoch 588, Loss: 1.0394
Epoch 589, Loss: 1.1335
Epoch 590, Loss: 0.9550
Epoch 591, Loss: 0.8307
Epoch 592, Loss: 1.0867
Epoch 593, Loss: 1.0624
Epoch 594, Loss: 1.1523
Epoch 595, Loss: 1.2538
Epoch 596, Loss: 0.9954
Epoch 597, Loss: 1.0280
Epoch 598, Loss: 1.2346
Epoch 599, Loss: 1.0638
Epoch 600, Loss: 1.1009
Epoch 601, Loss: 0.9560
Epoch 602, Loss: 0.9487
Epoch 603, Loss: 1.0963
Epoch 604, Loss: 0.8604
Epoch 605, Loss: 1.2961
Epoch 606, Loss: 1.0359
Epoch 607, Loss: 1.0139
Epoch 608, Loss: 0.9338
Epoch 609, Loss: 0.9255
Epoch 610, Loss: 1.0451
Epoch 611, Loss: 0.8487
Epoch 612, Loss: 0.9540
Epoch 613, Loss: 0.8672
Epoch 614, Loss: 0.8316
Epoch 615, Loss: 1.0381
Epoch 616, Loss: 1.0287
Epoch 617, Loss: 1.0163
Epoch 618, Loss: 1.0990
Epoch 619, Loss: 0.8761
Epoch 620, Loss: 1.0559
Epoch 621, Loss: 0.8061
Epoch 622, Loss: 0.9392
Epoch 623, Loss: 0.9988
Epoch 624, Loss: 1.0773
Epoch 625, Loss: 1.0361
Epoch 626, Loss: 1.0069
Epoch 627, Loss: 0.8221
Epoch 628, Loss: 1.0632
Epoch 629, Loss: 0.8999
Epoch 630, Loss: 0.8960
Epoch 631, Loss: 0.9500
Epoch 632, Loss: 1.0064
Epoch 633, Loss: 0.9435
Epoch 634, Loss: 0.8114
Epoch 635, Loss: 0.9136
Epoch 636, Loss: 0.8759
slurmstepd: error: *** JOB 39998388 ON nid001357 CANCELLED AT 2025-06-30T12:18:10 DUE TO TIME LIMIT ***
