/global/common/software/nersc9/pytorch/2.6.0/lib/python3.12/site-packages/torch/utils/data/dataloader.py:624: UserWarning: This DataLoader will create 4 worker processes in total. Our suggested max number of worker in current system is 1, which is smaller than what this DataLoader is going to create. Please be aware that excessive worker creation might get DataLoader running slow or even freeze, lower the worker number to avoid potential slowness/freeze if necessary.
  warnings.warn(
/global/common/software/nersc9/pytorch/2.6.0/lib/python3.12/site-packages/torch/utils/data/dataloader.py:624: UserWarning: This DataLoader will create 4 worker processes in total. Our suggested max number of worker in current system is 1, which is smaller than what this DataLoader is going to create. Please be aware that excessive worker creation might get DataLoader running slow or even freeze, lower the worker number to avoid potential slowness/freeze if necessary.
  warnings.warn(
/global/common/software/nersc9/pytorch/2.6.0/lib/python3.12/site-packages/torch/utils/data/dataloader.py:624: UserWarning: This DataLoader will create 4 worker processes in total. Our suggested max number of worker in current system is 1, which is smaller than what this DataLoader is going to create. Please be aware that excessive worker creation might get DataLoader running slow or even freeze, lower the worker number to avoid potential slowness/freeze if necessary.
  warnings.warn(
/pscratch/sd/k/katiekee/PDFParameterInference/simulator.py:72: UserWarning: To copy construct from a tensor, it is recommended to use sourceTensor.clone().detach() or sourceTensor.clone().detach().requires_grad_(True), rather than torch.tensor(sourceTensor).
  p = torch.tensor(params, dtype=torch.float32, device=self.device)
/pscratch/sd/k/katiekee/PDFParameterInference/simulator.py:72: UserWarning: To copy construct from a tensor, it is recommended to use sourceTensor.clone().detach() or sourceTensor.clone().detach().requires_grad_(True), rather than torch.tensor(sourceTensor).
  p = torch.tensor(params, dtype=torch.float32, device=self.device)
/global/common/software/nersc9/pytorch/2.6.0/lib/python3.12/site-packages/torch/utils/data/dataloader.py:624: UserWarning: This DataLoader will create 4 worker processes in total. Our suggested max number of worker in current system is 1, which is smaller than what this DataLoader is going to create. Please be aware that excessive worker creation might get DataLoader running slow or even freeze, lower the worker number to avoid potential slowness/freeze if necessary.
  warnings.warn(
/pscratch/sd/k/katiekee/PDFParameterInference/simulator.py:72: UserWarning: To copy construct from a tensor, it is recommended to use sourceTensor.clone().detach() or sourceTensor.clone().detach().requires_grad_(True), rather than torch.tensor(sourceTensor).
  p = torch.tensor(params, dtype=torch.float32, device=self.device)
/pscratch/sd/k/katiekee/PDFParameterInference/simulator.py:72: UserWarning: To copy construct from a tensor, it is recommended to use sourceTensor.clone().detach() or sourceTensor.clone().detach().requires_grad_(True), rather than torch.tensor(sourceTensor).
  p = torch.tensor(params, dtype=torch.float32, device=self.device)
/pscratch/sd/k/katiekee/PDFParameterInference/cl.py:234: FutureWarning: `torch.cuda.amp.GradScaler(args...)` is deprecated. Please use `torch.amp.GradScaler('cuda', args...)` instead.
  scaler = torch.cuda.amp.GradScaler()
/global/common/software/nersc9/pytorch/2.6.0/lib/python3.12/site-packages/torch/utils/data/dataloader.py:624: UserWarning: This DataLoader will create 4 worker processes in total. Our suggested max number of worker in current system is 1, which is smaller than what this DataLoader is going to create. Please be aware that excessive worker creation might get DataLoader running slow or even freeze, lower the worker number to avoid potential slowness/freeze if necessary.
  warnings.warn(
/pscratch/sd/k/katiekee/PDFParameterInference/cl.py:234: FutureWarning: `torch.cuda.amp.GradScaler(args...)` is deprecated. Please use `torch.amp.GradScaler('cuda', args...)` instead.
  scaler = torch.cuda.amp.GradScaler()
/global/common/software/nersc9/pytorch/2.6.0/lib/python3.12/site-packages/torch/utils/data/dataloader.py:624: UserWarning: This DataLoader will create 4 worker processes in total. Our suggested max number of worker in current system is 1, which is smaller than what this DataLoader is going to create. Please be aware that excessive worker creation might get DataLoader running slow or even freeze, lower the worker number to avoid potential slowness/freeze if necessary.
  warnings.warn(
/pscratch/sd/k/katiekee/PDFParameterInference/cl.py:234: FutureWarning: `torch.cuda.amp.GradScaler(args...)` is deprecated. Please use `torch.amp.GradScaler('cuda', args...)` instead.
  scaler = torch.cuda.amp.GradScaler()
/global/common/software/nersc9/pytorch/2.6.0/lib/python3.12/site-packages/torch/utils/data/dataloader.py:624: UserWarning: This DataLoader will create 4 worker processes in total. Our suggested max number of worker in current system is 1, which is smaller than what this DataLoader is going to create. Please be aware that excessive worker creation might get DataLoader running slow or even freeze, lower the worker number to avoid potential slowness/freeze if necessary.
  warnings.warn(
/pscratch/sd/k/katiekee/PDFParameterInference/cl.py:234: FutureWarning: `torch.cuda.amp.GradScaler(args...)` is deprecated. Please use `torch.amp.GradScaler('cuda', args...)` instead.
  scaler = torch.cuda.amp.GradScaler()
/global/common/software/nersc9/pytorch/2.6.0/lib/python3.12/site-packages/torch/utils/data/dataloader.py:624: UserWarning: This DataLoader will create 4 worker processes in total. Our suggested max number of worker in current system is 1, which is smaller than what this DataLoader is going to create. Please be aware that excessive worker creation might get DataLoader running slow or even freeze, lower the worker number to avoid potential slowness/freeze if necessary.
  warnings.warn(
Simulator constructed!
Dataset created!
Simulator constructed!
Dataset created!
Simulator constructed!
Dataset created!
Simulator constructed!
Dataset created!
/pscratch/sd/k/katiekee/PDFParameterInference/simulator.py:72: UserWarning: To copy construct from a tensor, it is recommended to use sourceTensor.clone().detach() or sourceTensor.clone().detach().requires_grad_(True), rather than torch.tensor(sourceTensor).
  p = torch.tensor(params, dtype=torch.float32, device=self.device)
/pscratch/sd/k/katiekee/PDFParameterInference/simulator.py:72: UserWarning: To copy construct from a tensor, it is recommended to use sourceTensor.clone().detach() or sourceTensor.clone().detach().requires_grad_(True), rather than torch.tensor(sourceTensor).
  p = torch.tensor(params, dtype=torch.float32, device=self.device)
/pscratch/sd/k/katiekee/PDFParameterInference/simulator.py:72: UserWarning: To copy construct from a tensor, it is recommended to use sourceTensor.clone().detach() or sourceTensor.clone().detach().requires_grad_(True), rather than torch.tensor(sourceTensor).
  p = torch.tensor(params, dtype=torch.float32, device=self.device)
/pscratch/sd/k/katiekee/PDFParameterInference/simulator.py:72: UserWarning: To copy construct from a tensor, it is recommended to use sourceTensor.clone().detach() or sourceTensor.clone().detach().requires_grad_(True), rather than torch.tensor(sourceTensor).
  p = torch.tensor(params, dtype=torch.float32, device=self.device)
/pscratch/sd/k/katiekee/PDFParameterInference/simulator.py:72: UserWarning: To copy construct from a tensor, it is recommended to use sourceTensor.clone().detach() or sourceTensor.clone().detach().requires_grad_(True), rather than torch.tensor(sourceTensor).
  p = torch.tensor(params, dtype=torch.float32, device=self.device)
/pscratch/sd/k/katiekee/PDFParameterInference/simulator.py:72: UserWarning: To copy construct from a tensor, it is recommended to use sourceTensor.clone().detach() or sourceTensor.clone().detach().requires_grad_(True), rather than torch.tensor(sourceTensor).
  p = torch.tensor(params, dtype=torch.float32, device=self.device)
/pscratch/sd/k/katiekee/PDFParameterInference/simulator.py:72: UserWarning: To copy construct from a tensor, it is recommended to use sourceTensor.clone().detach() or sourceTensor.clone().detach().requires_grad_(True), rather than torch.tensor(sourceTensor).
  p = torch.tensor(params, dtype=torch.float32, device=self.device)
/pscratch/sd/k/katiekee/PDFParameterInference/simulator.py:72: UserWarning: To copy construct from a tensor, it is recommended to use sourceTensor.clone().detach() or sourceTensor.clone().detach().requires_grad_(True), rather than torch.tensor(sourceTensor).
  p = torch.tensor(params, dtype=torch.float32, device=self.device)
/pscratch/sd/k/katiekee/PDFParameterInference/simulator.py:72: UserWarning: To copy construct from a tensor, it is recommended to use sourceTensor.clone().detach() or sourceTensor.clone().detach().requires_grad_(True), rather than torch.tensor(sourceTensor).
  p = torch.tensor(params, dtype=torch.float32, device=self.device)
/pscratch/sd/k/katiekee/PDFParameterInference/simulator.py:72: UserWarning: To copy construct from a tensor, it is recommended to use sourceTensor.clone().detach() or sourceTensor.clone().detach().requires_grad_(True), rather than torch.tensor(sourceTensor).
  p = torch.tensor(params, dtype=torch.float32, device=self.device)
/pscratch/sd/k/katiekee/PDFParameterInference/simulator.py:72: UserWarning: To copy construct from a tensor, it is recommended to use sourceTensor.clone().detach() or sourceTensor.clone().detach().requires_grad_(True), rather than torch.tensor(sourceTensor).
  p = torch.tensor(params, dtype=torch.float32, device=self.device)
/pscratch/sd/k/katiekee/PDFParameterInference/simulator.py:72: UserWarning: To copy construct from a tensor, it is recommended to use sourceTensor.clone().detach() or sourceTensor.clone().detach().requires_grad_(True), rather than torch.tensor(sourceTensor).
  p = torch.tensor(params, dtype=torch.float32, device=self.device)
/pscratch/sd/k/katiekee/PDFParameterInference/simulator.py:72: UserWarning: To copy construct from a tensor, it is recommended to use sourceTensor.clone().detach() or sourceTensor.clone().detach().requires_grad_(True), rather than torch.tensor(sourceTensor).
  p = torch.tensor(params, dtype=torch.float32, device=self.device)
/pscratch/sd/k/katiekee/PDFParameterInference/simulator.py:72: UserWarning: To copy construct from a tensor, it is recommended to use sourceTensor.clone().detach() or sourceTensor.clone().detach().requires_grad_(True), rather than torch.tensor(sourceTensor).
  p = torch.tensor(params, dtype=torch.float32, device=self.device)
/pscratch/sd/k/katiekee/PDFParameterInference/simulator.py:72: UserWarning: To copy construct from a tensor, it is recommended to use sourceTensor.clone().detach() or sourceTensor.clone().detach().requires_grad_(True), rather than torch.tensor(sourceTensor).
  p = torch.tensor(params, dtype=torch.float32, device=self.device)
/pscratch/sd/k/katiekee/PDFParameterInference/simulator.py:72: UserWarning: To copy construct from a tensor, it is recommended to use sourceTensor.clone().detach() or sourceTensor.clone().detach().requires_grad_(True), rather than torch.tensor(sourceTensor).
  p = torch.tensor(params, dtype=torch.float32, device=self.device)
/pscratch/sd/k/katiekee/PDFParameterInference/cl.py:247: FutureWarning: `torch.cuda.amp.autocast(args...)` is deprecated. Please use `torch.amp.autocast('cuda', args...)` instead.
  with torch.cuda.amp.autocast():
/pscratch/sd/k/katiekee/PDFParameterInference/cl.py:247: FutureWarning: `torch.cuda.amp.autocast(args...)` is deprecated. Please use `torch.amp.autocast('cuda', args...)` instead.
  with torch.cuda.amp.autocast():
/pscratch/sd/k/katiekee/PDFParameterInference/cl.py:247: FutureWarning: `torch.cuda.amp.autocast(args...)` is deprecated. Please use `torch.amp.autocast('cuda', args...)` instead.
  with torch.cuda.amp.autocast():
/pscratch/sd/k/katiekee/PDFParameterInference/cl.py:247: FutureWarning: `torch.cuda.amp.autocast(args...)` is deprecated. Please use `torch.amp.autocast('cuda', args...)` instead.
  with torch.cuda.amp.autocast():
